<?xml version="1.0" encoding="UTF-8"?>
<robot generator="Robot 6.1 (Python 3.11.4 on win32)" generated="20231004 23:04:27.718" rpa="false" schemaversion="4">
<suite id="s1" name="amazonTestes.carrinhoDeCompras" source="c:\carrinhoDeComprasAmazon\amazonTestes.carrinhoDeCompras.robot">
<test id="s1-t1" name="Caso de Teste 03 - Adicionar Produto no Carrinho" line="29">
<kw name="Abrir o navegador" library="amazon.resources" type="SETUP">
<kw name="Open Browser" library="SeleniumLibrary">
<arg>${URL}</arg>
<arg>edge</arg>
<doc>Opens a new browser instance to the optional ``url``.</doc>
<msg timestamp="20231004 23:04:27.999" level="INFO">Opening browser 'edge' to base url 'http://www.amazon.com.br'.</msg>
<status status="PASS" starttime="20231004 23:04:27.998" endtime="20231004 23:04:32.567"/>
</kw>
<kw name="Maximize Browser Window" library="SeleniumLibrary">
<doc>Maximizes current browser window.</doc>
<status status="PASS" starttime="20231004 23:04:32.567" endtime="20231004 23:04:33.394"/>
</kw>
<status status="PASS" starttime="20231004 23:04:27.997" endtime="20231004 23:04:33.395"/>
</kw>
<kw name="Dado que estou na home page da Amazon.com.br" library="amazon.resources">
<kw name="Acessar a home page do site Amazon.com.br" library="amazon.resources">
<kw name="Go To" library="SeleniumLibrary">
<arg>url=${URL}</arg>
<doc>Navigates the current browser window to the provided ``url``.</doc>
<msg timestamp="20231004 23:04:33.401" level="INFO">Opening url 'http://www.amazon.com.br'</msg>
<status status="PASS" starttime="20231004 23:04:33.401" endtime="20231004 23:04:35.916"/>
</kw>
<kw name="Wait Until Element Is Visible" library="SeleniumLibrary">
<arg>locator=${MENU_ELETRONICOS}</arg>
<doc>Waits until the element ``locator`` is visible.</doc>
<status status="PASS" starttime="20231004 23:04:35.917" endtime="20231004 23:04:35.966"/>
</kw>
<status status="PASS" starttime="20231004 23:04:33.400" endtime="20231004 23:04:35.966"/>
</kw>
<kw name="Verificar se o título da página fica &quot;Amazon.com.br | Tudo pra você, de A a Z.&quot;" library="amazon.resources" sourcename="Verificar se o título da página fica &quot;${TITULO}&quot;">
<kw name="Title Should Be" library="SeleniumLibrary">
<arg>title=${TITULO}</arg>
<doc>Verifies that the current page title equals ``title``.</doc>
<msg timestamp="20231004 23:04:35.977" level="INFO">Page title is 'Amazon.com.br | Tudo pra você, de A a Z.'.</msg>
<status status="PASS" starttime="20231004 23:04:35.967" endtime="20231004 23:04:35.978"/>
</kw>
<status status="PASS" starttime="20231004 23:04:35.966" endtime="20231004 23:04:35.978"/>
</kw>
<status status="PASS" starttime="20231004 23:04:33.399" endtime="20231004 23:04:35.978"/>
</kw>
<kw name="Quando pesquisar pelo produto &quot;Xbox Series S&quot;" library="amazon.resources">
<kw name="Digitar o nome de produto &quot;Xbox Series S&quot; no campo de pesquisa" library="amazon.resources" sourcename="Digitar o nome de produto &quot;${PRODUTO}&quot; no campo de pesquisa">
<kw name="Input Text" library="SeleniumLibrary">
<arg>locator=field-keywords</arg>
<arg>text=${PRODUTO}</arg>
<doc>Types the given ``text`` into the text field identified by ``locator``.</doc>
<msg timestamp="20231004 23:04:35.982" level="INFO">Typing text 'Xbox Series S' into text field 'field-keywords'.</msg>
<status status="PASS" starttime="20231004 23:04:35.980" endtime="20231004 23:04:36.411"/>
</kw>
<status status="PASS" starttime="20231004 23:04:35.980" endtime="20231004 23:04:36.411"/>
</kw>
<kw name="Clicar no botão de pesquisa" library="amazon.resources">
<kw name="Click Element" library="SeleniumLibrary">
<arg>locator=nav-search-submit-button</arg>
<doc>Click the element identified by ``locator``.</doc>
<msg timestamp="20231004 23:04:36.414" level="INFO">Clicking element 'nav-search-submit-button'.</msg>
<status status="PASS" starttime="20231004 23:04:36.412" endtime="20231004 23:04:40.256"/>
</kw>
<status status="PASS" starttime="20231004 23:04:36.411" endtime="20231004 23:04:40.256"/>
</kw>
<status status="PASS" starttime="20231004 23:04:35.979" endtime="20231004 23:04:40.256"/>
</kw>
<kw name="Quando adicionar o produto &quot;Console Xbox Series S&quot; no carrinho" library="amazon.resources">
<kw name="Adicionar o produto &quot;Console Xbox Series S&quot; no carrinho" library="amazon.resources">
<kw name="Click Image" library="SeleniumLibrary">
<arg>locator=//img[contains(@alt,'Console Xbox Series S')]</arg>
<doc>Clicks an image identified by ``locator``.</doc>
<msg timestamp="20231004 23:04:40.259" level="INFO">Clicking image '//img[contains(@alt,'Console Xbox Series S')]'.</msg>
<status status="PASS" starttime="20231004 23:04:40.258" endtime="20231004 23:04:44.609"/>
</kw>
<kw name="Wait Until Element Is Visible" library="SeleniumLibrary">
<arg>locator=//div[contains(@class,'video_games pt_BR')]</arg>
<doc>Waits until the element ``locator`` is visible.</doc>
<status status="PASS" starttime="20231004 23:04:44.610" endtime="20231004 23:04:45.581"/>
</kw>
<kw name="Click Button" library="SeleniumLibrary">
<arg>locator=//input[contains(@title,'Adicionar ao carrinho')]</arg>
<doc>Clicks the button identified by ``locator``.</doc>
<msg timestamp="20231004 23:04:45.585" level="INFO">Clicking button '//input[contains(@title,'Adicionar ao carrinho')]'.</msg>
<status status="PASS" starttime="20231004 23:04:45.581" endtime="20231004 23:04:47.339"/>
</kw>
<status status="PASS" starttime="20231004 23:04:40.258" endtime="20231004 23:04:47.340"/>
</kw>
<status status="PASS" starttime="20231004 23:04:40.257" endtime="20231004 23:04:47.340"/>
</kw>
<kw name="Então o produto &quot;Console Xbox Series S&quot; deve ser mostrado no carrinho" library="amazon.resources">
<kw name="Verificar se o produto &quot;Console Xbox Series S&quot; foi adicionado com sucesso" library="amazon.resources">
<kw name="Wait Until Page Contains Element" library="SeleniumLibrary">
<arg>locator=sw-atc-details-single-container</arg>
<doc>Waits until the element ``locator`` appears on the current page.</doc>
<status status="PASS" starttime="20231004 23:04:47.342" endtime="20231004 23:04:47.487"/>
</kw>
<kw name="Click Link" library="SeleniumLibrary">
<arg>locator=//a[@href='/cart?ref_=sw_gtc'][contains(.,'Ir para o carrinho')]</arg>
<doc>Clicks a link identified by ``locator``.</doc>
<msg timestamp="20231004 23:04:47.489" level="INFO">Clicking link '//a[@href='/cart?ref_=sw_gtc'][contains(.,'Ir para o carrinho')]'.</msg>
<status status="PASS" starttime="20231004 23:04:47.487" endtime="20231004 23:04:49.006"/>
</kw>
<status status="PASS" starttime="20231004 23:04:47.341" endtime="20231004 23:04:49.006"/>
</kw>
<status status="PASS" starttime="20231004 23:04:47.341" endtime="20231004 23:04:49.007"/>
</kw>
<kw name="Fechar o navegador" library="amazon.resources" type="TEARDOWN">
<kw name="Capture Page Screenshot" library="SeleniumLibrary">
<doc>Takes a screenshot of the current page and embeds it into a log file.</doc>
<msg timestamp="20231004 23:04:49.305" level="INFO" html="true">&lt;/td&gt;&lt;/tr&gt;&lt;tr&gt;&lt;td colspan="3"&gt;&lt;a href="selenium-screenshot-7.png"&gt;&lt;img src="selenium-screenshot-7.png" width="800px"&gt;&lt;/a&gt;</msg>
<status status="PASS" starttime="20231004 23:04:49.008" endtime="20231004 23:04:49.306"/>
</kw>
<kw name="Close Browser" library="SeleniumLibrary">
<doc>Closes the current browser.</doc>
<status status="PASS" starttime="20231004 23:04:49.306" endtime="20231004 23:04:51.737"/>
</kw>
<status status="PASS" starttime="20231004 23:04:49.008" endtime="20231004 23:04:51.737"/>
</kw>
<doc>Esse teste verifica a adição de um produto no carrinho de Compras</doc>
<tag>adicionar_carrinho</tag>
<status status="PASS" starttime="20231004 23:04:27.996" endtime="20231004 23:04:51.738"/>
</test>
<doc>Essa suíte testa o site da Amazon.com.busca_produtos</doc>
<status status="PASS" starttime="20231004 23:04:27.723" endtime="20231004 23:04:51.740"/>
</suite>
<statistics>
<total>
<stat pass="1" fail="0" skip="0">All Tests</stat>
</total>
<tag>
<stat pass="1" fail="0" skip="0">adicionar_carrinho</stat>
</tag>
<suite>
<stat pass="1" fail="0" skip="0" id="s1" name="amazonTestes.carrinhoDeCompras">amazonTestes.carrinhoDeCompras</stat>
</suite>
</statistics>
<errors>
</errors>
</robot>
